[?25l[2J[m[2;1H> @pulsar-framework/cli@0.8.0-alpha build E:\Sources\visual-schema-builder\packages\pulsar-cli
> tsc[6;1H]0;C:\WINDOWS\system32\cmd.exe[?25h[?25l[96msrc/cli.ts[m:[93m5[m:[93m25 [m- [91merror [90mTS2307: [mCannot find module 'commander' or its corresponding type declarations.[7m[9;1H5[27m import { Command } from 'commander';[7m
 [27m[25X[91m[25C~~~~~~~~~~~[96m[12;1Hsrc/cli.types.ts[m:[93m5[m:[93m30 [m- [91merror [90mTS2307: [mCannot find module 'commander' or its corresponding type declarations.[7m[15;1H5[27m import type { Command } from 'commander';[7m
 [27m[30X[91m[30C~~~~~~~~~~~[96m[18;1Hsrc/commands/add/add-command.ts[m:[93m5[m:[93m30 [m- [91merror [90mTS2307: [mCannot find module 'commander' or its corresponding type declarations.[7m[22;1H5[27m import type { Command } from 'commander';[7m
 [27m[30X[91m[30C~~~~~~~~~~~[96m[25;1Hsrc/commands/build/build-command.ts[m:[93m5[m:[93m30 [m- [91merror [90mTS2307: [mCannot find module 'commander' or its corresponding type declarations.
[?25h
[7m5[27m import type { Command } from 'commander';[K
[7m [27m[30X[91m[30C~~~~~~~~~~~[K[m

[96msrc/commands/build/build-command.ts[m:[93m6[m:[93m23 [m- [91merror [90mTS2307: [mCa
[27;59Hannot find module 'execa' or its corresponding type declarat
[27;59Htions.

[7m6[27m import { execa } from 'execa';[K
[7m [27m[23X[91m[23C~~~~~~~[K[m

[96msrc/commands/create/create-command.ts[m:[93m5[m:[93m30 [m- [91merror [90mTS2307: [m
[90m[27;59H [mCannot find module 'commander' or its corresponding type de
[27;59Heclarations.

[7m5[27m import type { Command } from 'commander';[K
[7m [27m[30X[91m[30C~~~~~~~~~~~[K[m

[96msrc/commands/create/create-command.ts[m:[93m6[m:[93m23 [m- [91merror [90mTS2307: [m
[90m[27;59H [mCannot find module 'execa' or its corresponding type declar
[27;59Hrations.

[7m6[27m import { execa } from 'execa';[K
[7m [27m[23X[91m[23C~~~~~~~[K[m

[96msrc/commands/create/create-command.ts[m:[93m7[m:[93m22 [m- [91merror [90mTS2307: [m
[90m[27;59H [mCannot find module 'inquirer' or its corresponding type dec
[27;59Hclarations.

[7m7[27m import inquirer from 'inquirer';[K
[7m [27m[22X[91m[22C~~~~~~~~~~[K[m

[96msrc/commands/generate/generate-command.ts[m:[93m5[m:[93m30 [m- [91merror [90mTS23[m
[90m[27;59H307: [mCannot find module 'commander' or its corresponding typ
[27;59Hpe declarations.

[7m5[27m import type { Command } from 'commander';[K
[7m [27m[30X[91m[30C~~~~~~~~~~~[K[m

[96msrc/utils/file-system.ts[m:[93m5[m:[93m16 [m- [91merror [90mTS2307: [mCannot find m
[27;59Hmodule 'fs-extra' or its corresponding type declarations.   

[7m5[27m import fs from 'fs-extra';[K
[7m [27m[16X[91m[16C~~~~~~~~~~[K[m

[96msrc/utils/logger.ts[m:[93m5[m:[93m19 [m- [91merror [90mTS2307: [mCannot find module
[27;59He 'chalk' or its corresponding type declarations.

[7m5[27m import chalk from 'chalk';[K
[7m [27m[19X[91m[19C~~~~~~~[K[m

[96msrc/utils/package-manager.ts[m:[93m5[m:[93m23 [m- [91merror [90mTS2307: [mCannot fi
[27;59Hind module 'execa' or its corresponding type declarations.  

[7m5[27m import { execa } from 'execa';[K
[7m [27m[23X[91m[23C~~~~~~~[K[m

[96msrc/utils/spinner.ts[m:[93m5[m:[93m31 [m- [91merror [90mTS2307: [mCannot find modul
[27;59Hle 'ora' or its corresponding type declarations.

[7m5[27m import ora, { type Ora } from 'ora';[K
[7m [27m[31X[91m[31C~~~~~[K[m

[96msrc/utils/template.ts[m:[93m6[m:[93m16 [m- [91merror [90mTS2307: [mCannot find modu
[27;59Hule 'fs-extra' or its corresponding type declarations.      

[7m6[27m import fs from 'fs-extra';[K
[7m [27m[16X[91m[16C~~~~~~~~~~[K[m


Found 14 errors in 11 files.

Errors  Files
     1  src/cli.ts[90m:5[K[m
     1  src/cli.types.ts[90m:5[K[m
     1  src/commands/add/add-command.ts[90m:5[K[m
     2  src/commands/build/build-command.ts[90m:5[K[m
     3  src/commands/create/create-command.ts[90m:5[K[m
     1  src/commands/generate/generate-command.ts[90m:5        [28;1H[m
     1  src/utils/file-system.ts[90m:5[K[m
     1  src/utils/logger.ts[90m:5[K[m
     1  src/utils/package-manager.ts[90m:5[K[m
     1  src/utils/spinner.ts[90m:5[K[m
     1  src/utils/template.ts[90m:6[K[m
[30m[41mâ€‰ELIFECYCLEâ€‰[m [31mCommand failed with exit code 2.[m
[30m[43mâ€‰WARNâ€‰[m  Local package.json exists, but node_modules missing
[27;59Hg, did you mean to install?
